-------------------------------------------------------------------------------
Test set: com.serveTechIT.ServeTechIt.ServeTechApplicationTests
-------------------------------------------------------------------------------
Tests run: 1, Failures: 0, Errors: 1, Skipped: 0, Time elapsed: 7.013 s <<< FAILURE! - in com.serveTechIT.ServeTechIt.ServeTechApplicationTests
contextLoads  Time elapsed: 0.002 s  <<< ERROR!
java.lang.IllegalStateException: Failed to load ApplicationContext
Caused by: org.springframework.beans.factory.UnsatisfiedDependencyException: Error creating bean with name 'org.springframework.session.data.redis.config.annotation.web.http.RedisHttpSessionConfiguration$SessionCleanupConfiguration': Unsatisfied dependency expressed through constructor parameter 0; nested exception is org.springframework.beans.factory.BeanCreationException: Error creating bean with name 'org.springframework.session.data.redis.config.annotation.web.http.RedisHttpSessionConfiguration': Initialization of bean failed; nested exception is org.springframework.beans.factory.BeanCreationException: Error creating bean with name 'connectionFactory' defined in class path resource [com/serveTechIT/ServeTechIt/session/config/SessionConfig.class]: Bean instantiation via factory method failed; nested exception is org.springframework.beans.BeanInstantiationException: Failed to instantiate [org.springframework.data.redis.connection.lettuce.LettuceConnectionFactory]: Factory method 'connectionFactory' threw exception; nested exception is java.lang.NoClassDefFoundError: io/lettuce/core/KeyScanArgs
Caused by: org.springframework.beans.factory.BeanCreationException: Error creating bean with name 'org.springframework.session.data.redis.config.annotation.web.http.RedisHttpSessionConfiguration': Initialization of bean failed; nested exception is org.springframework.beans.factory.BeanCreationException: Error creating bean with name 'connectionFactory' defined in class path resource [com/serveTechIT/ServeTechIt/session/config/SessionConfig.class]: Bean instantiation via factory method failed; nested exception is org.springframework.beans.BeanInstantiationException: Failed to instantiate [org.springframework.data.redis.connection.lettuce.LettuceConnectionFactory]: Factory method 'connectionFactory' threw exception; nested exception is java.lang.NoClassDefFoundError: io/lettuce/core/KeyScanArgs
Caused by: org.springframework.beans.factory.BeanCreationException: Error creating bean with name 'connectionFactory' defined in class path resource [com/serveTechIT/ServeTechIt/session/config/SessionConfig.class]: Bean instantiation via factory method failed; nested exception is org.springframework.beans.BeanInstantiationException: Failed to instantiate [org.springframework.data.redis.connection.lettuce.LettuceConnectionFactory]: Factory method 'connectionFactory' threw exception; nested exception is java.lang.NoClassDefFoundError: io/lettuce/core/KeyScanArgs
Caused by: org.springframework.beans.BeanInstantiationException: Failed to instantiate [org.springframework.data.redis.connection.lettuce.LettuceConnectionFactory]: Factory method 'connectionFactory' threw exception; nested exception is java.lang.NoClassDefFoundError: io/lettuce/core/KeyScanArgs
Caused by: java.lang.NoClassDefFoundError: io/lettuce/core/KeyScanArgs
Caused by: java.lang.ClassNotFoundException: io.lettuce.core.KeyScanArgs

